2014/07/07 23:05:28 [error] [exception.CHttpException.404] exception 'CHttpException' with message 'The system is unable to find the requested action "gii".' in /var/www/yii/framework/web/CController.php:483
Stack trace:
#0 /var/www/yii/framework/web/CController.php(270): CController->missingAction('gii')
#1 /var/www/yii/framework/web/CWebApplication.php(282): CController->run('gii')
#2 /var/www/yii/framework/web/CWebApplication.php(141): CWebApplication->runController('site/gii')
#3 /var/www/yii/framework/base/CApplication.php(180): CWebApplication->processRequest()
#4 /var/www/horario_uni/index.php(13): CApplication->run()
#5 {main}
REQUEST_URI=/horario_uni/site/gii
---
2014/07/07 23:13:30 [error] [exception.CDbException] exception 'CDbException' with message 'CDbConnection failed to open the DB connection: could not find driver' in /var/www/yii/framework/db/CDbConnection.php:382
Stack trace:
#0 /var/www/yii/framework/db/CDbConnection.php(330): CDbConnection->open()
#1 /var/www/yii/framework/db/CDbConnection.php(308): CDbConnection->setActive(true)
#2 /var/www/yii/framework/base/CModule.php(387): CDbConnection->init()
#3 /var/www/yii/framework/base/CModule.php(103): CModule->getComponent('db')
#4 /var/www/yii/framework/gii/generators/model/ModelCode.php(60): CModule->__get('db')
#5 /var/www/yii/framework/web/CFormModel.php(39): ModelCode->init()
#6 /var/www/yii/framework/gii/CCodeGenerator.php(153): CFormModel->__construct()
#7 /var/www/yii/framework/gii/CCodeGenerator.php(63): CCodeGenerator->prepare()
#8 /var/www/yii/framework/web/actions/CInlineAction.php(49): CCodeGenerator->actionIndex()
#9 /var/www/yii/framework/web/CController.php(308): CInlineAction->runWithParams(Array)
#10 /var/www/yii/framework/web/CController.php(286): CController->runAction(Object(CInlineAction))
#11 /var/www/yii/framework/web/CController.php(265): CController->runActionWithFilters(Object(CInlineAction), Array)
#12 /var/www/yii/framework/web/CWebApplication.php(282): CController->run('index')
#13 /var/www/yii/framework/web/CWebApplication.php(141): CWebApplication->runController('gii/model/index')
#14 /var/www/yii/framework/base/CApplication.php(180): CWebApplication->processRequest()
#15 /var/www/horario_uni/index.php(13): CApplication->run()
#16 {main}
REQUEST_URI=/horario_uni/gii/model/index.asp
HTTP_REFERER=http://localhost/horario_uni/gii/module/index.asp
---
2014/07/07 23:48:02 [error] [exception.CHttpException.404] exception 'CHttpException' with message 'Unable to resolve the request "aula_horario".' in /var/www/yii/framework/web/CWebApplication.php:286
Stack trace:
#0 /var/www/yii/framework/web/CWebApplication.php(141): CWebApplication->runController('aula_horario')
#1 /var/www/yii/framework/base/CApplication.php(180): CWebApplication->processRequest()
#2 /var/www/horario_uni/index.php(13): CApplication->run()
#3 {main}
REQUEST_URI=/horario_uni/aula_horario
---
2014/07/07 23:48:16 [error] [exception.CHttpException.404] exception 'CHttpException' with message 'Unable to resolve the request "horarios".' in /var/www/yii/framework/web/CWebApplication.php:286
Stack trace:
#0 /var/www/yii/framework/web/CWebApplication.php(141): CWebApplication->runController('horarios')
#1 /var/www/yii/framework/base/CApplication.php(180): CWebApplication->processRequest()
#2 /var/www/horario_uni/index.php(13): CApplication->run()
#3 {main}
REQUEST_URI=/horario_uni/horarios
---
